[2025-05-22 01:08:14] Recherche: 'bob' - 20 résultat(s) trouvé(s)
[2025-05-22 01:08:31] Recherche: 'matrix' - 20 résultat(s) trouvé(s)
[2025-05-22 01:08:55] Recherche: 'pokemon' - 20 résultat(s) trouvé(s)
[2025-05-22 01:09:42] Recherche: 'harry potter' - 10 résultat(s) trouvé(s)
[2025-05-22 01:09:45] Recherche: 'harry potter' - 20 résultat(s) trouvé(s)
[2025-05-22 01:20:25] Recherche: 'harry potter' - 20 résultat(s) trouvé(s)
[2025-05-22 01:21:04] Recherche: 'harry potter' - 20 résultat(s) trouvé(s)
[2025-05-22 01:21:13] Recherche: 'harry potter' - 20 résultat(s) trouvé(s)
[2025-05-22 01:21:23] Recherche: 'harry potter' - 20 résultat(s) trouvé(s)
[2025-05-22 01:22:07] Recherche: 'harry potter' - 20 résultat(s) trouvé(s)
[2025-05-22 01:22:47] Recherche: 'harry potter' - 20 résultat(s) trouvé(s)
[2025-05-22 01:25:02] Recherche: 'harry potter' - 20 résultat(s) trouvé(s)
[2025-05-22 01:27:58] Recherche: 'harry potter' - 20 résultat(s) trouvé(s)
[2025-05-22 01:29:13] Recherche: 'harry potter' - 20 résultat(s) trouvé(s)
[2025-05-22 01:33:30] Recherche: 'harry potter' - 20 résultat(s) trouvé(s)
[2025-05-22 01:35:51] Recherche: 'harry potter' - 20 résultat(s) trouvé(s)
[2025-05-22 01:36:09] Recherche: 'harry potter' - 20 résultat(s) trouvé(s)
[2025-05-22 01:36:21] Recherche: 'harry potter' - 20 résultat(s) trouvé(s)
[2025-05-22 01:37:04] Recherche: 'harry potter' - 20 résultat(s) trouvé(s)
[2025-05-22 01:37:21] Recherche: 'harry potter' - 20 résultat(s) trouvé(s)
[2025-05-22 01:40:07] Recherche: 'lion' - 20 résultat(s) trouvé(s)
[2025-05-22 14:52:13] Recherche: 'lion' - 20 résultat(s) trouvé(s)
[2025-05-22 14:52:28] Recherche: 'lion' - 20 résultat(s) trouvé(s)
